\BOOKMARK [0][-]{section*.2}{\376\377\144\130\000\040\211\201}{}% 1
\BOOKMARK [0][-]{section*.4}{Abstract}{}% 2
\BOOKMARK [0][-]{section*.5}{\376\377\166\356\000\040\137\125}{}% 3
\BOOKMARK [0][-]{section*.7}{\376\377\126\376\137\142\122\027\210\150}{}% 4
\BOOKMARK [0][-]{section*.9}{\376\377\210\150\150\074\122\027\210\150}{}% 5
\BOOKMARK [0][-]{section*.12}{\376\377\173\046\123\367\122\027\210\150}{}% 6
\BOOKMARK [0][-]{chapter.1}{\376\377\173\054\0001\172\340\000\040\000\040\137\025\212\000}{}% 7
\BOOKMARK [1][-]{section.1.1}{\376\377\0001\000.\0001\000\040\170\024\172\166\200\314\146\157}{chapter.1}% 8
\BOOKMARK [1][-]{section.1.2}{\376\377\0001\000.\0002\000\040\174\373\176\337\211\201\154\102}{chapter.1}% 9
\BOOKMARK [1][-]{section.1.3}{\376\377\0001\000.\0003\000\040\225\356\230\230\123\315\231\210}{chapter.1}% 10
\BOOKMARK [1][-]{section.1.4}{\376\377\0001\000.\0004\000\040\152\041\147\177\116\013\217\175}{chapter.1}% 11
\BOOKMARK [0][-]{chapter.2}{\376\377\173\054\0002\172\340\000\040\000\040\000L\000a\000T\000e\000X\117\177\165\050\213\364\146\016}{}% 12
\BOOKMARK [1][-]{section.2.1}{\376\377\0002\000.\0001\000\040\121\110\213\325\213\325\145\110\147\234}{chapter.2}% 13
\BOOKMARK [1][-]{section.2.2}{\376\377\0002\000.\0002\000\040\145\207\150\143\166\356\137\125\173\200\116\313}{chapter.2}% 14
\BOOKMARK [2][-]{subsection.2.2.1}{2.2.1\040Thesis.tex}{section.2.2}% 15
\BOOKMARK [2][-]{subsection.2.2.2}{\376\377\0002\000.\0002\000.\0002\000\040\177\026\213\321\201\032\147\054}{section.2.2}% 16
\BOOKMARK [2][-]{subsection.2.2.3}{\376\377\0002\000.\0002\000.\0003\000\040\000T\000m\000p\145\207\116\366\131\071}{section.2.2}% 17
\BOOKMARK [2][-]{subsection.2.2.4}{\376\377\0002\000.\0002\000.\0004\000\040\000S\000t\000y\000l\000e\145\207\116\366\131\071}{section.2.2}% 18
\BOOKMARK [2][-]{subsection.2.2.5}{\376\377\0002\000.\0002\000.\0005\000\040\000T\000e\000x\145\207\116\366\131\071}{section.2.2}% 19
\BOOKMARK [2][-]{subsection.2.2.6}{\376\377\0002\000.\0002\000.\0006\000\040\000I\000m\000g\145\207\116\366\131\071}{section.2.2}% 20
\BOOKMARK [2][-]{subsection.2.2.7}{\376\377\0002\000.\0002\000.\0007\000\040\000B\000i\000b\000l\000i\000o\145\207\116\366\131\071}{section.2.2}% 21
\BOOKMARK [1][-]{section.2.3}{\376\377\0002\000.\0003\000\040\145\160\133\146\121\154\137\017\060\001\126\376\210\150\060\001\123\302\200\003\145\207\163\056\173\111\122\237\200\375}{chapter.2}% 22
\BOOKMARK [2][-]{subsection.2.3.1}{\376\377\0002\000.\0003\000.\0001\000\040\145\160\133\146\121\154\137\017}{section.2.3}% 23
\BOOKMARK [2][-]{subsection.2.3.2}{\376\377\0002\000.\0003\000.\0002\000\040\145\160\133\146\163\257\130\203}{section.2.3}% 24
\BOOKMARK [2][-]{subsection.2.3.3}{\376\377\0002\000.\0003\000.\0003\000\040\210\150\150\074}{section.2.3}% 25
\BOOKMARK [2][-]{subsection.2.3.4}{\376\377\0002\000.\0003\000.\0004\000\040\126\376\162\107\143\322\121\145}{section.2.3}% 26
\BOOKMARK [2][-]{subsection.2.3.5}{\376\377\0002\000.\0003\000.\0005\000\040\173\227\154\325}{section.2.3}% 27
\BOOKMARK [2][-]{subsection.2.3.6}{\376\377\0002\000.\0003\000.\0006\000\040\123\302\200\003\145\207\163\056\137\025\165\050}{section.2.3}% 28
\BOOKMARK [1][-]{section.2.4}{\376\377\0002\000.\0004\000\040\136\070\211\301\117\177\165\050\225\356\230\230}{chapter.2}% 29
\BOOKMARK [0][-]{chapter.3}{\376\377\173\054\0003\172\340\000\040\000\040\127\372\116\216\123\112\166\321\167\143\133\146\116\140\166\204\166\364\144\255\165\065\125\106\211\306\230\221\122\006\174\173\177\121\176\334}{}% 30
\BOOKMARK [1][-]{section.3.1}{\376\377\0003\000.\0001\000\040\137\025\212\000}{chapter.3}% 31
\BOOKMARK [2][-]{subsection.3.1.1}{\376\377\0003\000.\0001\000.\0001\000\040\170\024\172\166\200\314\146\157\124\214\122\250\147\072\000\040\000M\000o\000t\000i\000v\000a\000t\000i\000o\000n}{section.3.1}% 32
\BOOKMARK [2][-]{subsection.3.1.2}{\376\377\0003\000.\0001\000.\0002\000\040\166\370\121\163\135\345\117\134\000\040\000R\000e\000l\000a\000t\000i\000v\000e\000\040\000W\000o\000r\000k}{section.3.1}% 33
\BOOKMARK [2][-]{subsection.3.1.3}{\376\377\0003\000.\0001\000.\0003\000\040\170\024\172\166\121\205\133\271\124\214\215\041\163\056\000\040\000O\000u\000r\000\040\000A\000p\000p\000r\000o\000a\000c\000h}{section.3.1}% 34
\BOOKMARK [1][-]{section.3.2}{\376\377\0003\000.\0002\000\040\213\272\145\207\116\073\211\201\176\323\147\204}{chapter.3}% 35
\BOOKMARK [2][-]{subsection.3.2.1}{\376\377\0003\000.\0002\000.\0001\000\040\173\054\0002\202\202}{section.3.2}% 36
\BOOKMARK [2][-]{subsection.3.2.2}{\376\377\0003\000.\0002\000.\0002\000\040\173\054\0003\202\202}{section.3.2}% 37
\BOOKMARK [0][-]{chapter.4}{\376\377\173\054\0004\172\340\000\040\000\040\000C\000h\000a\000p\000t\000e\000r\000\040\000T\000w\000o}{}% 38
\BOOKMARK [1][-]{section.4.1}{\376\377\0004\000.\0001\000\040\137\025\212\000}{chapter.4}% 39
\BOOKMARK [2][-]{subsection.4.1.1}{4.1.1\040Motivation}{section.4.1}% 40
\BOOKMARK [2][-]{subsection.4.1.2}{4.1.2\040Relative\040Work}{section.4.1}% 41
\BOOKMARK [2][-]{subsection.4.1.3}{4.1.3\040Our\040Approach}{section.4.1}% 42
\BOOKMARK [1][-]{section.4.2}{\376\377\0004\000.\0002\000\040\166\370\121\163\135\345\117\134}{chapter.4}% 43
\BOOKMARK [2][-]{subsection.4.2.1}{\376\377\0004\000.\0002\000.\0001\000\040\155\361\136\246\171\136\176\317\177\121\176\334\000\040\000D\000e\000e\000p\000\040\000n\000e\000t\000w\000o\000r\000k\000s}{section.4.2}% 44
\BOOKMARK [2][-]{subsection.4.2.2}{\376\377\0004\000.\0002\000.\0002\000\040\145\366\225\364\121\163\174\373\152\041\127\213\000\040\000T\000e\000m\000p\000o\000r\000a\000l\000\040\000a\000n\000d\000\040\000r\000e\000l\000a\000t\000i\000o\000n\000s\000h\000i\000p\000\040\000m\000o\000d\000e\000l\000s}{section.4.2}% 45
\BOOKMARK [2][-]{subsection.4.2.3}{\376\377\0004\000.\0002\000.\0003\000\040\225\177\147\037\211\306\230\221\164\006\211\343\000\040\000L\000o\000n\000g\000-\000t\000e\000r\000m\000\040\000v\000i\000d\000e\000o\000\040\000U\000n\000d\000e\000r\000s\000t\000a\000n\000d\000i\000n\000g\000\040}{section.4.2}% 46
\BOOKMARK [2][-]{subsection.4.2.4}{\376\377\0004\000.\0002\000.\0004\000\040\145\366\172\172\210\114\116\072\133\232\117\115\000\040\000T\000e\000m\000p\000o\000r\000a\000l\000\040\000a\000c\000t\000i\000o\000n\000\040\000l\000o\000c\000a\000l\000i\000z\000a\000t\000i\000o\000n}{section.4.2}% 47
\BOOKMARK [2][-]{subsection.4.2.5}{\376\377\0004\000.\0002\000.\0005\000\040\117\341\140\157\136\223\000\040\000I\000n\000f\000o\000r\000m\000a\000t\000i\000o\000n\000\040\000b\000a\000n\000k}{section.4.2}% 48
\BOOKMARK [1][-]{section.4.3}{\376\377\0004\000.\0003\000\040\166\364\144\255\165\065\125\106\204\045\225\000\210\114\116\072\162\171\137\201\136\223\152\041\127\213}{chapter.4}% 49
\BOOKMARK [2][-]{subsection.4.3.1}{\376\377\0004\000.\0003\000.\0001\000\040\145\271\154\325\151\202\217\360}{section.4.3}% 50
\BOOKMARK [2][-]{subsection.4.3.2}{\376\377\0004\000.\0003\000.\0002\000\040\166\364\144\255\165\065\125\106\204\045\225\000\210\114\116\072\162\171\137\201\136\223}{section.4.3}% 51
\BOOKMARK [2][-]{subsection.4.3.3}{\376\377\0004\000.\0003\000.\0003\000\040\166\364\144\255\165\065\125\106\204\045\225\000\210\114\116\072\162\171\137\201\144\315\117\134}{section.4.3}% 52
\BOOKMARK [2][-]{subsection.4.3.4}{\376\377\0004\000.\0003\000.\0004\000\040\133\236\163\260\176\306\202\202}{section.4.3}% 53
\BOOKMARK [1][-]{section.4.4}{\376\377\0004\000.\0004\000\040\133\236\232\214}{chapter.4}% 54
\BOOKMARK [2][-]{subsection.4.4.1}{\376\377\0004\000.\0004\000.\0001\000\040\133\236\163\260\176\306\202\202}{section.4.4}% 55
\BOOKMARK [2][-]{subsection.4.4.2}{\376\377\0004\000.\0004\000.\0002\000\040\155\210\207\215\133\236\232\214}{section.4.4}% 56
\BOOKMARK [1][-]{section.4.5}{\376\377\0004\000.\0005\000\040\121\166\133\203\145\160\143\156\226\306\116\012\166\204\210\150\163\260}{chapter.4}% 57
\BOOKMARK [2][-]{subsection.4.5.1}{\376\377\0004\000.\0005\000.\0001\000\040\127\050\000\040\000A\000V\000A\000\040\145\160\143\156\226\306\116\012}{section.4.5}% 58
\BOOKMARK [2][-]{subsection.4.5.2}{\376\377\0004\000.\0005\000.\0002\000\040\127\050\000E\000P\000I\000C\000-\000K\000i\000t\000c\000h\000e\000n\000s\000\040\145\160\143\156\226\306\116\012}{section.4.5}% 59
\BOOKMARK [2][-]{subsection.4.5.3}{\376\377\0004\000.\0005\000.\0003\000\040\127\050\000C\000h\000a\000r\000a\000d\000e\000s\000\040\145\160\143\156\226\306\116\012}{section.4.5}% 60
\BOOKMARK [1][-]{section.4.6}{\376\377\0004\000.\0006\000\040\213\250\213\272}{chapter.4}% 61
\BOOKMARK [0][-]{chapter.5}{\376\377\173\054\0005\172\340\000\040\000\040\000M\000S\000L\000-\000V\000I\000D\000-\0002\0000\0001\0009\145\160\143\156\226\306\000:\127\372\116\216\166\364\144\255\165\065\125\106\166\321\173\241\116\032\122\241\211\306\230\221\145\160\143\156\226\306\147\204\136\372}{}% 62
\BOOKMARK [1][-]{section.5.1}{\376\377\0005\000.\0001\000\040\137\025\212\000}{chapter.5}% 63
\BOOKMARK [1][-]{section.5.2}{\376\377\0005\000.\0002\000\040\166\370\121\163\135\345\117\134}{chapter.5}% 64
\BOOKMARK [2][-]{subsection.5.2.1}{\376\377\0005\000.\0002\000.\0001\000\040\147\000\122\035\166\204\211\306\230\221\145\160\143\156\226\306}{section.5.2}% 65
\BOOKMARK [2][-]{subsection.5.2.2}{\376\377\0005\000.\0002\000.\0002\000\040\000U\000C\000F\0001\0000\0001\000[\0001\0007\000]\000-\000T\000h\000u\000m\000o\000s\000\040\0001\0004\000[\0003\0005\000]\124\214\000H\000M\000D\000B\0005\0001\000[\0001\0009\000]\145\160\143\156\226\306}{section.5.2}% 66
\BOOKMARK [2][-]{subsection.5.2.3}{\376\377\0005\000.\0002\000.\0003\000\040\000M\000P\000I\000I\116\272\117\123\131\377\140\001\145\160\143\156\226\306\000[\0002\000]}{section.5.2}% 67
\BOOKMARK [2][-]{subsection.5.2.4}{5.2.4\040ActivityNet}{section.5.2}% 68
\BOOKMARK [2][-]{subsection.5.2.5}{5.2.5\040Kinetics}{section.5.2}% 69
\BOOKMARK [1][-]{section.5.3}{\376\377\0005\000.\0003\000\040\000M\000S\000L\000-\000V\000I\000D\000-\0002\0000\0001\0009\165\065\125\106\166\364\144\255\211\306\230\221\116\313\176\315}{chapter.5}% 70
\BOOKMARK [2][-]{subsection.5.3.1}{\376\377\0005\000.\0003\000.\0001\000\040\166\364\144\255\165\065\125\106\204\045\225\000\166\204\210\114\116\072\133\127\121\170}{section.5.3}% 71
\BOOKMARK [2][-]{subsection.5.3.2}{\376\377\0005\000.\0003\000.\0002\000\040\166\364\144\255\165\065\125\106\211\306\230\221\145\066\226\306\124\214\230\204\131\004\164\006}{section.5.3}% 72
\BOOKMARK [1][-]{section.5.4}{\376\377\0005\000.\0004\000\040\213\325\232\214}{chapter.5}% 73
\BOOKMARK [2][-]{subsection.5.4.1}{\376\377\0005\000.\0004\000.\0001\000\040\213\304\116\367\143\007\150\007}{section.5.4}% 74
\BOOKMARK [2][-]{subsection.5.4.2}{\376\377\0005\000.\0004\000.\0002\000\040\210\114\116\072\150\300\155\113}{section.5.4}% 75
