This is pdfTeX, Version 3.141592653-2.6-1.40.24 (MiKTeX 22.3) (preloaded format=pdflatex 2022.5.30)  30 MAY 2022 21:49
entering extended mode
 restricted \write18 enabled.
 %&-line parsing enabled.
**D:/Git/ucasthesis/Tex/Chap_Three.tex
(D:/Git/ucasthesis/Tex/Chap_Three.tex
LaTeX2e <2021-11-15> patch level 1
L3 programming layer <2022-05-04>
! Undefined control sequence.
l.1 \chapter
            {MSL-VID-2019æ•°æ®é›†:åŸºäºç›´æ’­ç”µå•†ç›‘ç®¡ä¸šåŠ¡è§†é¢‘æ•°æ...

? r
OK, entering \nonstopmode...

! LaTeX Error: Missing \begin{document}.

See the LaTeX manual or LaTeX Companion for explanation.
Type  H <return>  for immediate help.
 ...                                              
                                                  
l.1 \chapter{M
              SL-VID-2019æ•°æ®é›†:åŸºäºç›´æ’­ç”µå•†ç›‘ç®¡ä¸šåŠ¡è§†é¢‘æ•°æ...

You're in trouble here.  Try typing  <return>  to proceed.
If that doesn't work, type  X <return>  to quit.

Missing character: There is no M in font nullfont!
Missing character: There is no S in font nullfont!
Missing character: There is no L in font nullfont!
Missing character: There is no - in font nullfont!
Missing character: There is no V in font nullfont!
Missing character: There is no I in font nullfont!
Missing character: There is no D in font nullfont!
Missing character: There is no - in font nullfont!
Missing character: There is no 2 in font nullfont!
Missing character: There is no 0 in font nullfont!
Missing character: There is no 1 in font nullfont!
Missing character: There is no 9 in font nullfont!

! LaTeX Error: Unicode character æ•° (U+6570)
               not set up for use with LaTeX.

See the LaTeX manual or LaTeX Companion for explanation.
Type  H <return>  for immediate help.
 ...                                              
                                                  
l.1 \chapter{MSL-VID-2019æ•°
                            æ®é›†:åŸºäºç›´æ’­ç”µå•†ç›‘ç®¡ä¸šåŠ¡è§†é¢‘æ•°æ...

You may provide a definition with
\DeclareUnicodeCharacter 


! LaTeX Error: Unicode character æ® (U+636E)
               not set up for use with LaTeX.

See the LaTeX manual or LaTeX Companion for explanation.
Type  H <return>  for immediate help.
 ...                                              
                                                  
l.1 \chapter{MSL-VID-2019æ•°æ®
                               é›†:åŸºäºç›´æ’­ç”µå•†ç›‘ç®¡ä¸šåŠ¡è§†é¢‘æ•°æ...

You may provide a definition with
\DeclareUnicodeCharacter 


! LaTeX Error: Unicode character é›† (U+96C6)
               not set up for use with LaTeX.

See the LaTeX manual or LaTeX Companion for explanation.
Type  H <return>  for immediate help.
 ...                                              
                                                  
l.1 \chapter{MSL-VID-2019æ•°æ®é›†
                                  :åŸºäºç›´æ’­ç”µå•†ç›‘ç®¡ä¸šåŠ¡è§†é¢‘æ•°æ...

You may provide a definition with
\DeclareUnicodeCharacter 

Missing character: There is no : in font nullfont!

! LaTeX Error: Unicode character åŸº (U+57FA)
               not set up for use with LaTeX.

See the LaTeX manual or LaTeX Companion for explanation.
Type  H <return>  for immediate help.
 ...                                              
                                                  
l.1 \chapter{MSL-VID-2019æ•°æ®é›†:åŸº
                                      äºç›´æ’­ç”µå•†ç›‘ç®¡ä¸šåŠ¡è§†é¢‘æ•°æ...

You may provide a definition with
\DeclareUnicodeCharacter 


! LaTeX Error: Unicode character äº (U+4E8E)
               not set up for use with LaTeX.

See the LaTeX manual or LaTeX Companion for explanation.
Type  H <return>  for immediate help.
 ...                                              
                                                  
l.1 \chapter{MSL-VID-2019æ•°æ®é›†:åŸºäº
                                         ç›´æ’­ç”µå•†ç›‘ç®¡ä¸šåŠ¡è§†é¢‘æ•°æ...

You may provide a definition with
\DeclareUnicodeCharacter 


! LaTeX Error: Unicode character ç›´ (U+76F4)
               not set up for use with LaTeX.

See the LaTeX manual or LaTeX Companion for explanation.
Type  H <return>  for immediate help.
 ...                                              
                                                  
l.1 \chapter{MSL-VID-2019æ•°æ®é›†:åŸºäºç›´
                                            æ’­ç”µå•†ç›‘ç®¡ä¸šåŠ¡è§†é¢‘æ•°æ...

You may provide a definition with
\DeclareUnicodeCharacter 


! LaTeX Error: Unicode character æ’­ (U+64AD)
               not set up for use with LaTeX.

See the LaTeX manual or LaTeX Companion for explanation.
Type  H <return>  for immediate help.
 ...                                              
                                                  
l.1 \chapter{MSL-VID-2019æ•°æ®é›†:åŸºäºç›´æ’­
                                               ç”µå•†ç›‘ç®¡ä¸šåŠ¡è§†é¢‘æ•°æ...

You may provide a definition with
\DeclareUnicodeCharacter 


! LaTeX Error: Unicode character ç”µ (U+7535)
               not set up for use with LaTeX.

See the LaTeX manual or LaTeX Companion for explanation.
Type  H <return>  for immediate help.
 ...                                              
                                                  
l.1 \chapter{MSL-VID-2019æ•°æ®é›†:åŸºäºç›´æ’­ç”µ
                                                  å•†ç›‘ç®¡ä¸šåŠ¡è§†é¢‘æ•°æ...

You may provide a definition with
\DeclareUnicodeCharacter 


! LaTeX Error: Unicode character å•† (U+5546)
               not set up for use with LaTeX.

See the LaTeX manual or LaTeX Companion for explanation.
Type  H <return>  for immediate help.
 ...                                              
                                                  
l.1 ...er{MSL-VID-2019æ•°æ®é›†:åŸºäºç›´æ’­ç”µå•†
                                                  ç›‘ç®¡ä¸šåŠ¡è§†é¢‘æ•°æ®é›...

You may provide a definition with
\DeclareUnicodeCharacter 


! LaTeX Error: Unicode character ç›‘ (U+76D1)
               not set up for use with LaTeX.

See the LaTeX manual or LaTeX Companion for explanation.
Type  H <return>  for immediate help.
 ...                                              
                                                  
l.1 ...MSL-VID-2019æ•°æ®é›†:åŸºäºç›´æ’­ç”µå•†ç›‘
                                                  ç®¡ä¸šåŠ¡è§†é¢‘æ•°æ®é›†æ...

You may provide a definition with
\DeclareUnicodeCharacter 


! LaTeX Error: Unicode character ç®¡ (U+7BA1)
               not set up for use with LaTeX.

See the LaTeX manual or LaTeX Companion for explanation.
Type  H <return>  for immediate help.
 ...                                              
                                                  
l.1 ...-VID-2019æ•°æ®é›†:åŸºäºç›´æ’­ç”µå•†ç›‘ç®¡
                                                  ä¸šåŠ¡è§†é¢‘æ•°æ®é›†æ„å»...

You may provide a definition with
\DeclareUnicodeCharacter 


! LaTeX Error: Unicode character ä¸š (U+4E1A)
               not set up for use with LaTeX.

See the LaTeX manual or LaTeX Companion for explanation.
Type  H <return>  for immediate help.
 ...                                              
                                                  
l.1 ...D-2019æ•°æ®é›†:åŸºäºç›´æ’­ç”µå•†ç›‘ç®¡ä¸š
                                                  åŠ¡è§†é¢‘æ•°æ®é›†æ„å»º}\...

You may provide a definition with
\DeclareUnicodeCharacter 


! LaTeX Error: Unicode character åŠ¡ (U+52A1)
               not set up for use with LaTeX.

See the LaTeX manual or LaTeX Companion for explanation.
Type  H <return>  for immediate help.
 ...                                              
                                                  
l.1 ...019æ•°æ®é›†:åŸºäºç›´æ’­ç”µå•†ç›‘ç®¡ä¸šåŠ¡
                                                  è§†é¢‘æ•°æ®é›†æ„å»º}\lab...

You may provide a definition with
\DeclareUnicodeCharacter 


! LaTeX Error: Unicode character è§† (U+89C6)
               not set up for use with LaTeX.

See the LaTeX manual or LaTeX Companion for explanation.
Type  H <return>  for immediate help.
 ...                                              
                                                  
l.1 ...æ•°æ®é›†:åŸºäºç›´æ’­ç”µå•†ç›‘ç®¡ä¸šåŠ¡è§†
                                                  é¢‘æ•°æ®é›†æ„å»º}\label{...

You may provide a definition with
\DeclareUnicodeCharacter 


! LaTeX Error: Unicode character é¢‘ (U+9891)
               not set up for use with LaTeX.

See the LaTeX manual or LaTeX Companion for explanation.
Type  H <return>  for immediate help.
 ...                                              
                                                  
l.1 ...æ®é›†:åŸºäºç›´æ’­ç”µå•†ç›‘ç®¡ä¸šåŠ¡è§†é¢‘
                                                  æ•°æ®é›†æ„å»º}\label{cha...

You may provide a definition with
\DeclareUnicodeCharacter 


! LaTeX Error: Unicode character æ•° (U+6570)
               not set up for use with LaTeX.

See the LaTeX manual or LaTeX Companion for explanation.
Type  H <return>  for immediate help.
 ...                                              
                                                  
l.1 ...é›†:åŸºäºç›´æ’­ç”µå•†ç›‘ç®¡ä¸šåŠ¡è§†é¢‘æ•°
                                                  æ®é›†æ„å»º}\label{chap:T...

You may provide a definition with
\DeclareUnicodeCharacter 


! LaTeX Error: Unicode character æ® (U+636E)
               not set up for use with LaTeX.

See the LaTeX manual or LaTeX Companion for explanation.
Type  H <return>  for immediate help.
 ...                                              
                                                  
l.1 ...:åŸºäºç›´æ’­ç”µå•†ç›‘ç®¡ä¸šåŠ¡è§†é¢‘æ•°æ®
                                                  é›†æ„å»º}\label{chap:Three}
You may provide a definition with
\DeclareUnicodeCharacter 


! LaTeX Error: Unicode character é›† (U+96C6)
               not set up for use with LaTeX.

See the LaTeX manual or LaTeX Companion for explanation.
Type  H <return>  for immediate help.
 ...                                              
                                                  
l.1 ...ºäºç›´æ’­ç”µå•†ç›‘ç®¡ä¸šåŠ¡è§†é¢‘æ•°æ®é›†
                                                  æ„å»º}\label{chap:Three}
You may provide a definition with
\DeclareUnicodeCharacter 


! LaTeX Error: Unicode character æ„ (U+6784)
               not set up for use with LaTeX.

See the LaTeX manual or LaTeX Companion for explanation.
Type  H <return>  for immediate help.
 ...                                              
                                                  
l.1 ...ç›´æ’­ç”µå•†ç›‘ç®¡ä¸šåŠ¡è§†é¢‘æ•°æ®é›†æ„
                                                  å»º}\label{chap:Three}
You may provide a definition with
\DeclareUnicodeCharacter 


! LaTeX Error: Unicode character å»º (U+5EFA)
               not set up for use with LaTeX.

See the LaTeX manual or LaTeX Companion for explanation.
Type  H <return>  for immediate help.
 ...                                              
                                                  
l.1 ...´æ’­ç”µå•†ç›‘ç®¡ä¸šåŠ¡è§†é¢‘æ•°æ®é›†æ„å»º
                                                  }\label{chap:Three}
You may provide a definition with
\DeclareUnicodeCharacter 


Overfull \hbox (20.0pt too wide) in paragraph at lines 1--2
[][] 
 []


! LaTeX Error: Unicode character æ‘˜ (U+6458)
               not set up for use with LaTeX.

See the LaTeX manual or LaTeX Companion for explanation.
Type  H <return>  for immediate help.
 ...                                              
                                                  
l.3 æ‘˜
       è¦ ç›´æ’­ç”µå•†è¿›å…¥çˆ†å‘æœŸï¼Œç»™ç›‘ç®¡å·¥ä½œå¸¦æ¥é¢ è¦†æ€§å‹åŠ...

You may provide a definition with
\DeclareUnicodeCharacter 


! LaTeX Error: Unicode character è¦ (U+8981)
               not set up for use with LaTeX.

See the LaTeX manual or LaTeX Companion for explanation.
Type  H <return>  for immediate help.
 ...                                              
                                                  
l.3 æ‘˜è¦
           ç›´æ’­ç”µå•†è¿›å…¥çˆ†å‘æœŸï¼Œç»™ç›‘ç®¡å·¥ä½œå¸¦æ¥é¢ è¦†æ€§å‹åŠ...

You may provide a definition with
\DeclareUnicodeCharacter 


! LaTeX Error: Unicode character ç›´ (U+76F4)
               not set up for use with LaTeX.

See the LaTeX manual or LaTeX Companion for explanation.
Type  H <return>  for immediate help.
 ...                                              
                                                  
l.3 æ‘˜è¦ ç›´
              æ’­ç”µå•†è¿›å…¥çˆ†å‘æœŸï¼Œç»™ç›‘ç®¡å·¥ä½œå¸¦æ¥é¢ è¦†æ€§å‹åŠ...

You may provide a definition with
\DeclareUnicodeCharacter 


! LaTeX Error: Unicode character æ’­ (U+64AD)
               not set up for use with LaTeX.

See the LaTeX manual or LaTeX Companion for explanation.
Type  H <return>  for immediate help.
 ...                                              
                                                  
l.3 æ‘˜è¦ ç›´æ’­
                 ç”µå•†è¿›å…¥çˆ†å‘æœŸï¼Œç»™ç›‘ç®¡å·¥ä½œå¸¦æ¥é¢ è¦†æ€§å‹åŠ...

You may provide a definition with
\DeclareUnicodeCharacter 


! LaTeX Error: Unicode character ç”µ (U+7535)
               not set up for use with LaTeX.

See the LaTeX manual or LaTeX Companion for explanation.
Type  H <return>  for immediate help.
 ...                                              
                                                  
l.3 æ‘˜è¦ ç›´æ’­ç”µ
                    å•†è¿›å…¥çˆ†å‘æœŸï¼Œç»™ç›‘ç®¡å·¥ä½œå¸¦æ¥é¢ è¦†æ€§å‹åŠ...

You may provide a definition with
\DeclareUnicodeCharacter 


! LaTeX Error: Unicode character å•† (U+5546)
               not set up for use with LaTeX.

See the LaTeX manual or LaTeX Companion for explanation.
Type  H <return>  for immediate help.
 ...                                              
                                                  
l.3 æ‘˜è¦ ç›´æ’­ç”µå•†
                       è¿›å…¥çˆ†å‘æœŸï¼Œç»™ç›‘ç®¡å·¥ä½œå¸¦æ¥é¢ è¦†æ€§å‹åŠ...

You may provide a definition with
\DeclareUnicodeCharacter 


! LaTeX Error: Unicode character è¿› (U+8FDB)
               not set up for use with LaTeX.

See the LaTeX manual or LaTeX Companion for explanation.
Type  H <return>  for immediate help.
 ...                                              
                                                  
l.3 æ‘˜è¦ ç›´æ’­ç”µå•†è¿›
                          å…¥çˆ†å‘æœŸï¼Œç»™ç›‘ç®¡å·¥ä½œå¸¦æ¥é¢ è¦†æ€§å‹åŠ...

You may provide a definition with
\DeclareUnicodeCharacter 


! LaTeX Error: Unicode character å…¥ (U+5165)
               not set up for use with LaTeX.

See the LaTeX manual or LaTeX Companion for explanation.
Type  H <return>  for immediate help.
 ...                                              
                                                  
l.3 æ‘˜è¦ ç›´æ’­ç”µå•†è¿›å…¥
                             çˆ†å‘æœŸï¼Œç»™ç›‘ç®¡å·¥ä½œå¸¦æ¥é¢ è¦†æ€§å‹åŠ...

You may provide a definition with
\DeclareUnicodeCharacter 


! LaTeX Error: Unicode character çˆ† (U+7206)
               not set up for use with LaTeX.

See the LaTeX manual or LaTeX Companion for explanation.
Type  H <return>  for immediate help.
 ...                                              
                                                  
l.3 æ‘˜è¦ ç›´æ’­ç”µå•†è¿›å…¥çˆ†
                                å‘æœŸï¼Œç»™ç›‘ç®¡å·¥ä½œå¸¦æ¥é¢ è¦†æ€§å‹åŠ...

You may provide a definition with
\DeclareUnicodeCharacter 


! LaTeX Error: Unicode character å‘ (U+53D1)
               not set up for use with LaTeX.

See the LaTeX manual or LaTeX Companion for explanation.
Type  H <return>  for immediate help.
 ...                                              
                                                  
l.3 æ‘˜è¦ ç›´æ’­ç”µå•†è¿›å…¥çˆ†å‘
                                   æœŸï¼Œç»™ç›‘ç®¡å·¥ä½œå¸¦æ¥é¢ è¦†æ€§å‹åŠ...

You may provide a definition with
\DeclareUnicodeCharacter 


! LaTeX Error: Unicode character æœŸ (U+671F)
               not set up for use with LaTeX.

See the LaTeX manual or LaTeX Companion for explanation.
Type  H <return>  for immediate help.
 ...                                              
                                                  
l.3 æ‘˜è¦ ç›´æ’­ç”µå•†è¿›å…¥çˆ†å‘æœŸ
                                      ï¼Œç»™ç›‘ç®¡å·¥ä½œå¸¦æ¥é¢ è¦†æ€§å‹åŠ...

You may provide a definition with
\DeclareUnicodeCharacter 


! LaTeX Error: Unicode character ï¼Œ (U+FF0C)
               not set up for use with LaTeX.

See the LaTeX manual or LaTeX Companion for explanation.
Type  H <return>  for immediate help.
 ...                                              
                                                  
l.3 æ‘˜è¦ ç›´æ’­ç”µå•†è¿›å…¥çˆ†å‘æœŸï¼Œ
                                         ç»™ç›‘ç®¡å·¥ä½œå¸¦æ¥é¢ è¦†æ€§å‹åŠ...

You may provide a definition with
\DeclareUnicodeCharacter 


! LaTeX Error: Unicode character ç»™ (U+7ED9)
               not set up for use with LaTeX.

See the LaTeX manual or LaTeX Companion for explanation.
Type  H <return>  for immediate help.
 ...                                              
                                                  
l.3 æ‘˜è¦ ç›´æ’­ç”µå•†è¿›å…¥çˆ†å‘æœŸï¼Œç»™
                                            ç›‘ç®¡å·¥ä½œå¸¦æ¥é¢ è¦†æ€§å‹åŠ...

You may provide a definition with
\DeclareUnicodeCharacter 


! LaTeX Error: Unicode character ç›‘ (U+76D1)
               not set up for use with LaTeX.

See the LaTeX manual or LaTeX Companion for explanation.
Type  H <return>  for immediate help.
 ...                                              
                                                  
l.3 æ‘˜è¦ ç›´æ’­ç”µå•†è¿›å…¥çˆ†å‘æœŸï¼Œç»™ç›‘
                                               ç®¡å·¥ä½œå¸¦æ¥é¢ è¦†æ€§å‹åŠ...

You may provide a definition with
\DeclareUnicodeCharacter 


! LaTeX Error: Unicode character ç®¡ (U+7BA1)
               not set up for use with LaTeX.

See the LaTeX manual or LaTeX Companion for explanation.
Type  H <return>  for immediate help.
 ...                                              
                                                  
l.3 æ‘˜è¦ ç›´æ’­ç”µå•†è¿›å…¥çˆ†å‘æœŸï¼Œç»™ç›‘ç®¡
                                                  å·¥ä½œå¸¦æ¥é¢ è¦†æ€§å‹åŠ...

You may provide a definition with
\DeclareUnicodeCharacter 


! LaTeX Error: Unicode character å·¥ (U+5DE5)
               not set up for use with LaTeX.

See the LaTeX manual or LaTeX Companion for explanation.
Type  H <return>  for immediate help.
 ...                                              
                                                  
l.3 ... ç›´æ’­ç”µå•†è¿›å…¥çˆ†å‘æœŸï¼Œç»™ç›‘ç®¡å·¥
                                                  ä½œå¸¦æ¥é¢ è¦†æ€§å‹åŠ›ï¼...

You may provide a definition with
\DeclareUnicodeCharacter 


! LaTeX Error: Unicode character ä½œ (U+4F5C)
               not set up for use with LaTeX.

See the LaTeX manual or LaTeX Companion for explanation.
Type  H <return>  for immediate help.
 ...                                              
                                                  
l.3 ...´æ’­ç”µå•†è¿›å…¥çˆ†å‘æœŸï¼Œç»™ç›‘ç®¡å·¥ä½œ
                                                  å¸¦æ¥é¢ è¦†æ€§å‹åŠ›ï¼Œå¦...

You may provide a definition with
\DeclareUnicodeCharacter 


! LaTeX Error: Unicode character å¸¦ (U+5E26)
               not set up for use with LaTeX.

See the LaTeX manual or LaTeX Companion for explanation.
Type  H <return>  for immediate help.
 ...                                              
                                                  
l.3 ...­ç”µå•†è¿›å…¥çˆ†å‘æœŸï¼Œç»™ç›‘ç®¡å·¥ä½œå¸¦
                                                  æ¥é¢ è¦†æ€§å‹åŠ›ï¼Œå¦‚ä½...

You may provide a definition with
\DeclareUnicodeCharacter 


! LaTeX Error: Unicode character æ¥ (U+6765)
               not set up for use with LaTeX.

See the LaTeX manual or LaTeX Companion for explanation.
Type  H <return>  for immediate help.
 ...                                              
                                                  
l.3 ...µå•†è¿›å…¥çˆ†å‘æœŸï¼Œç»™ç›‘ç®¡å·¥ä½œå¸¦æ¥
                                                  é¢ è¦†æ€§å‹åŠ›ï¼Œå¦‚ä½•åŠ...

You may provide a definition with
\DeclareUnicodeCharacter 


! LaTeX Error: Unicode character é¢  (U+98A0)
               not set up for use with LaTeX.

See the LaTeX manual or LaTeX Companion for explanation.
Type  H <return>  for immediate help.
 ...                                              
                                                  
l.3 ...†è¿›å…¥çˆ†å‘æœŸï¼Œç»™ç›‘ç®¡å·¥ä½œå¸¦æ¥é¢ 
                                                  è¦†æ€§å‹åŠ›ï¼Œå¦‚ä½•åŠ å¼...

You may provide a definition with
\DeclareUnicodeCharacter 


! LaTeX Error: Unicode character è¦† (U+8986)
               not set up for use with LaTeX.

See the LaTeX manual or LaTeX Companion for explanation.
Type  H <return>  for immediate help.
 ...                                              
                                                  
l.3 ...›å…¥çˆ†å‘æœŸï¼Œç»™ç›‘ç®¡å·¥ä½œå¸¦æ¥é¢ è¦†
                                                  æ€§å‹åŠ›ï¼Œå¦‚ä½•åŠ å¼ºç›...

You may provide a definition with
\DeclareUnicodeCharacter 


! LaTeX Error: Unicode character æ€§ (U+6027)
               not set up for use with LaTeX.

See the LaTeX manual or LaTeX Companion for explanation.
Type  H <return>  for immediate help.
 ...                                              
                                                  
l.3 ...¥çˆ†å‘æœŸï¼Œç»™ç›‘ç®¡å·¥ä½œå¸¦æ¥é¢ è¦†æ€§
                                                  å‹åŠ›ï¼Œå¦‚ä½•åŠ å¼ºç›´æ’...

You may provide a definition with
\DeclareUnicodeCharacter 


! LaTeX Error: Unicode character å‹ (U+538B)
               not set up for use with LaTeX.

See the LaTeX manual or LaTeX Companion for explanation.
Type  H <return>  for immediate help.
 ...                                              
                                                  
l.3 ...†å‘æœŸï¼Œç»™ç›‘ç®¡å·¥ä½œå¸¦æ¥é¢ è¦†æ€§å‹
                                                  åŠ›ï¼Œå¦‚ä½•åŠ å¼ºç›´æ’­ç”...

You may provide a definition with
\DeclareUnicodeCharacter 


! LaTeX Error: Unicode character åŠ› (U+529B)
               not set up for use with LaTeX.

See the LaTeX manual or LaTeX Companion for explanation.
Type  H <return>  for immediate help.
 ...                                              
                                                  
l.3 ...‘æœŸï¼Œç»™ç›‘ç®¡å·¥ä½œå¸¦æ¥é¢ è¦†æ€§å‹åŠ›
                                                  ï¼Œå¦‚ä½•åŠ å¼ºç›´æ’­ç”µå•...

You may provide a definition with
\DeclareUnicodeCharacter 


! LaTeX Error: Unicode character ï¼Œ (U+FF0C)
               not set up for use with LaTeX.

See the LaTeX manual or LaTeX Companion for explanation.
Type  H <return>  for immediate help.
 ...                                              
                                                  
l.3 ...Ÿï¼Œç»™ç›‘ç®¡å·¥ä½œå¸¦æ¥é¢ è¦†æ€§å‹åŠ›ï¼Œ
                                                  å¦‚ä½•åŠ å¼ºç›´æ’­ç”µå•†ç›...

You may provide a definition with
\DeclareUnicodeCharacter 


! LaTeX Error: Unicode character å¦‚ (U+5982)
               not set up for use with LaTeX.

See the LaTeX manual or LaTeX Companion for explanation.
Type  H <return>  for immediate help.
 ...                                              
                                                  
l.3 ...Œç»™ç›‘ç®¡å·¥ä½œå¸¦æ¥é¢ è¦†æ€§å‹åŠ›ï¼Œå¦‚
                                                  ä½•åŠ å¼ºç›´æ’­ç”µå•†ç›‘ç®...

You may provide a definition with
\DeclareUnicodeCharacter 


! LaTeX Error: Unicode character ä½• (U+4F55)
               not set up for use with LaTeX.

See the LaTeX manual or LaTeX Companion for explanation.
Type  H <return>  for immediate help.
 ...                                              
                                                  
l.3 ...™ç›‘ç®¡å·¥ä½œå¸¦æ¥é¢ è¦†æ€§å‹åŠ›ï¼Œå¦‚ä½•
                                                  åŠ å¼ºç›´æ’­ç”µå•†ç›‘ç®¡æˆ...

You may provide a definition with
\DeclareUnicodeCharacter 


! LaTeX Error: Unicode character åŠ  (U+52A0)
               not set up for use with LaTeX.

See the LaTeX manual or LaTeX Companion for explanation.
Type  H <return>  for immediate help.
 ...                                              
                                                  
l.3 ...‘ç®¡å·¥ä½œå¸¦æ¥é¢ è¦†æ€§å‹åŠ›ï¼Œå¦‚ä½•åŠ 
                                                  å¼ºç›´æ’­ç”µå•†ç›‘ç®¡æˆä¸...

You may provide a definition with
\DeclareUnicodeCharacter 


! LaTeX Error: Unicode character å¼º (U+5F3A)
               not set up for use with LaTeX.

See the LaTeX manual or LaTeX Companion for explanation.
Type  H <return>  for immediate help.
 ...                                              
                                                  
l.3 ...¡å·¥ä½œå¸¦æ¥é¢ è¦†æ€§å‹åŠ›ï¼Œå¦‚ä½•åŠ å¼º
                                                  ç›´æ’­ç”µå•†ç›‘ç®¡æˆä¸ºå…...

You may provide a definition with
\DeclareUnicodeCharacter 


! LaTeX Error: Unicode character ç›´ (U+76F4)
               not set up for use with LaTeX.

See the LaTeX manual or LaTeX Companion for explanation.
Type  H <return>  for immediate help.
 ...                                              
                                                  
l.3 ...¥ä½œå¸¦æ¥é¢ è¦†æ€§å‹åŠ›ï¼Œå¦‚ä½•åŠ å¼ºç›´
                                                  æ’­ç”µå•†ç›‘ç®¡æˆä¸ºå…¨å›...

You may provide a definition with
\DeclareUnicodeCharacter 


! LaTeX Error: Unicode character æ’­ (U+64AD)
               not set up for use with LaTeX.

See the LaTeX manual or LaTeX Companion for explanation.
Type  H <return>  for immediate help.
 ...                                              
                                                  
l.3 ...œå¸¦æ¥é¢ è¦†æ€§å‹åŠ›ï¼Œå¦‚ä½•åŠ å¼ºç›´æ’­
                                                  ç”µå•†ç›‘ç®¡æˆä¸ºå…¨å›½å...

You may provide a definition with
\DeclareUnicodeCharacter 


! LaTeX Error: Unicode character ç”µ (U+7535)
               not set up for use with LaTeX.

See the LaTeX manual or LaTeX Companion for explanation.
Type  H <return>  for immediate help.
 ...                                              
                                                  
l.3 ...¦æ¥é¢ è¦†æ€§å‹åŠ›ï¼Œå¦‚ä½•åŠ å¼ºç›´æ’­ç”µ
                                                  å•†ç›‘ç®¡æˆä¸ºå…¨å›½å„çº...

You may provide a definition with
\DeclareUnicodeCharacter 


! LaTeX Error: Unicode character å•† (U+5546)
               not set up for use with LaTeX.

See the LaTeX manual or LaTeX Companion for explanation.
Type  H <return>  for immediate help.
 ...                                              
                                                  
l.3 ...¥é¢ è¦†æ€§å‹åŠ›ï¼Œå¦‚ä½•åŠ å¼ºç›´æ’­ç”µå•†
                                                  ç›‘ç®¡æˆä¸ºå…¨å›½å„çº§ç›...

You may provide a definition with
\DeclareUnicodeCharacter 


! LaTeX Error: Unicode character ç›‘ (U+76D1)
               not set up for use with LaTeX.

See the LaTeX manual or LaTeX Companion for explanation.
Type  H <return>  for immediate help.
 ...                                              
                                                  
l.3 ... è¦†æ€§å‹åŠ›ï¼Œå¦‚ä½•åŠ å¼ºç›´æ’­ç”µå•†ç›‘
                                                  ç®¡æˆä¸ºå…¨å›½å„çº§ç›‘ç®...

You may provide a definition with
\DeclareUnicodeCharacter 


! LaTeX Error: Unicode character ç®¡ (U+7BA1)
               not set up for use with LaTeX.

See the LaTeX manual or LaTeX Companion for explanation.
Type  H <return>  for immediate help.
 ...                                              
                                                  
l.3 ...†æ€§å‹åŠ›ï¼Œå¦‚ä½•åŠ å¼ºç›´æ’­ç”µå•†ç›‘ç®¡
                                                  æˆä¸ºå…¨å›½å„çº§ç›‘ç®¡éƒ...

You may provide a definition with
\DeclareUnicodeCharacter 


! LaTeX Error: Unicode character æˆ (U+6210)
               not set up for use with LaTeX.

See the LaTeX manual or LaTeX Companion for explanation.
Type  H <return>  for immediate help.
 ...                                              
                                                  
l.3 ...§å‹åŠ›ï¼Œå¦‚ä½•åŠ å¼ºç›´æ’­ç”µå•†ç›‘ç®¡æˆ
                                                  ä¸ºå…¨å›½å„çº§ç›‘ç®¡éƒ¨é—...

You may provide a definition with
\DeclareUnicodeCharacter 


! LaTeX Error: Unicode character ä¸º (U+4E3A)
               not set up for use with LaTeX.

See the LaTeX manual or LaTeX Companion for explanation.
Type  H <return>  for immediate help.
 ...                                              
                                                  
l.3 ...‹åŠ›ï¼Œå¦‚ä½•åŠ å¼ºç›´æ’­ç”µå•†ç›‘ç®¡æˆä¸º
                                                  å…¨å›½å„çº§ç›‘ç®¡éƒ¨é—¨çš...

You may provide a definition with
\DeclareUnicodeCharacter 


! LaTeX Error: Unicode character å…¨ (U+5168)
               not set up for use with LaTeX.

See the LaTeX manual or LaTeX Companion for explanation.
Type  H <return>  for immediate help.
 ...                                              
                                                  
l.3 ...›ï¼Œå¦‚ä½•åŠ å¼ºç›´æ’­ç”µå•†ç›‘ç®¡æˆä¸ºå…¨
                                                  å›½å„çº§ç›‘ç®¡éƒ¨é—¨çš„ç´...

You may provide a definition with
\DeclareUnicodeCharacter 


! LaTeX Error: Unicode character å›½ (U+56FD)
               not set up for use with LaTeX.

See the LaTeX manual or LaTeX Companion for explanation.
Type  H <return>  for immediate help.
 ...                                              
                                                  
l.3 ...Œå¦‚ä½•åŠ å¼ºç›´æ’­ç”µå•†ç›‘ç®¡æˆä¸ºå…¨å›½
                                                  å„çº§ç›‘ç®¡éƒ¨é—¨çš„ç´§è¿...

You may provide a definition with
\DeclareUnicodeCharacter 


! LaTeX Error: Unicode character å„ (U+5404)
               not set up for use with LaTeX.

See the LaTeX manual or LaTeX Companion for explanation.
Type  H <return>  for immediate help.
 ...                                              
                                                  
l.3 ...‚ä½•åŠ å¼ºç›´æ’­ç”µå•†ç›‘ç®¡æˆä¸ºå…¨å›½å„
                                                  çº§ç›‘ç®¡éƒ¨é—¨çš„ç´§è¿«æ€...

You may provide a definition with
\DeclareUnicodeCharacter 


! LaTeX Error: Unicode character çº§ (U+7EA7)
               not set up for use with LaTeX.

See the LaTeX manual or LaTeX Companion for explanation.
Type  H <return>  for immediate help.
 ...                                              
                                                  
l.3 ...•åŠ å¼ºç›´æ’­ç”µå•†ç›‘ç®¡æˆä¸ºå…¨å›½å„çº§
                                                  ç›‘ç®¡éƒ¨é—¨çš„ç´§è¿«æ€§è¯...

You may provide a definition with
\DeclareUnicodeCharacter 


! LaTeX Error: Unicode character ç›‘ (U+76D1)
               not set up for use with LaTeX.

See the LaTeX manual or LaTeX Companion for explanation.
Type  H <return>  for immediate help.
 ...                                              
                                                  
l.3 ... å¼ºç›´æ’­ç”µå•†ç›‘ç®¡æˆä¸ºå…¨å›½å„çº§ç›‘
                                                  ç®¡éƒ¨é—¨çš„ç´§è¿«æ€§è¯¾é¢...

You may provide a definition with
\DeclareUnicodeCharacter 


! LaTeX Error: Unicode character ç®¡ (U+7BA1)
               not set up for use with LaTeX.

See the LaTeX manual or LaTeX Companion for explanation.
Type  H <return>  for immediate help.
 ...                                              
                                                  
l.3 ...ºç›´æ’­ç”µå•†ç›‘ç®¡æˆä¸ºå…¨å›½å„çº§ç›‘ç®¡
                                                  éƒ¨é—¨çš„ç´§è¿«æ€§è¯¾é¢˜ã€‚
You may provide a definition with
\DeclareUnicodeCharacter 


! LaTeX Error: Unicode character éƒ¨ (U+90E8)
               not set up for use with LaTeX.

See the LaTeX manual or LaTeX Companion for explanation.
Type  H <return>  for immediate help.
 ...                                              
                                                  
l.3 ...´æ’­ç”µå•†ç›‘ç®¡æˆä¸ºå…¨å›½å„çº§ç›‘ç®¡éƒ¨
                                                  é—¨çš„ç´§è¿«æ€§è¯¾é¢˜ã€‚
You may provide a definition with
\DeclareUnicodeCharacter 


! LaTeX Error: Unicode character é—¨ (U+95E8)
               not set up for use with LaTeX.

See the LaTeX manual or LaTeX Companion for explanation.
Type  H <return>  for immediate help.
 ...                                              
                                                  
l.3 ...­ç”µå•†ç›‘ç®¡æˆä¸ºå…¨å›½å„çº§ç›‘ç®¡éƒ¨é—¨
                                                  çš„ç´§è¿«æ€§è¯¾é¢˜ã€‚
You may provide a definition with
\DeclareUnicodeCharacter 


! LaTeX Error: Unicode character çš„ (U+7684)
               not set up for use with LaTeX.

See the LaTeX manual or LaTeX Companion for explanation.
Type  H <return>  for immediate help.
 ...                                              
                                                  
l.3 ...µå•†ç›‘ç®¡æˆä¸ºå…¨å›½å„çº§ç›‘ç®¡éƒ¨é—¨çš„
                                                  ç´§è¿«æ€§è¯¾é¢˜ã€‚
You may provide a definition with
\DeclareUnicodeCharacter 


! LaTeX Error: Unicode character ç´§ (U+7D27)
               not set up for use with LaTeX.

See the LaTeX manual or LaTeX Companion for explanation.
Type  H <return>  for immediate help.
 ...                                              
                                                  
l.3 ...†ç›‘ç®¡æˆä¸ºå…¨å›½å„çº§ç›‘ç®¡éƒ¨é—¨çš„ç´§
                                                  è¿«æ€§è¯¾é¢˜ã€‚
You may provide a definition with
\DeclareUnicodeCharacter 


! LaTeX Error: Unicode character è¿« (U+8FEB)
               not set up for use with LaTeX.

See the LaTeX manual or LaTeX Companion for explanation.
Type  H <return>  for immediate help.
 ...                                              
                                                  
l.3 ...‘ç®¡æˆä¸ºå…¨å›½å„çº§ç›‘ç®¡éƒ¨é—¨çš„ç´§è¿«
                                                  æ€§è¯¾é¢˜ã€‚
You may provide a definition with
\DeclareUnicodeCharacter 


! LaTeX Error: Unicode character æ€§ (U+6027)
               not set up for use with LaTeX.

See the LaTeX manual or LaTeX Companion for explanation.
Type  H <return>  for immediate help.
 ...                                              
                                                  
l.3 ...¡æˆä¸ºå…¨å›½å„çº§ç›‘ç®¡éƒ¨é—¨çš„ç´§è¿«æ€§
                                                  è¯¾é¢˜ã€‚
You may provide a definition with
\DeclareUnicodeCharacter 


! LaTeX Error: Unicode character è¯¾ (U+8BFE)
               not set up for use with LaTeX.

See the LaTeX manual or LaTeX Companion for explanation.
Type  H <return>  for immediate help.
 ...                                              
                                                  
l.3 ...ä¸ºå…¨å›½å„çº§ç›‘ç®¡éƒ¨é—¨çš„ç´§è¿«æ€§è¯¾
                                                  é¢˜ã€‚
You may provide a definition with
\DeclareUnicodeCharacter 


! LaTeX Error: Unicode character é¢˜ (U+9898)
               not set up for use with LaTeX.

See the LaTeX manual or LaTeX Companion for explanation.
Type  H <return>  for immediate help.
 ...                                              
                                                  
l.3 ...ºå…¨å›½å„çº§ç›‘ç®¡éƒ¨é—¨çš„ç´§è¿«æ€§è¯¾é¢˜
                                                  ã€‚
You may provide a definition with
\DeclareUnicodeCharacter 


! LaTeX Error: Unicode character ã€‚ (U+3002)
               not set up for use with LaTeX.

See the LaTeX manual or LaTeX Companion for explanation.
Type  H <return>  for immediate help.
 ...                                              
                                                  
l.3 ...¨å›½å„çº§ç›‘ç®¡éƒ¨é—¨çš„ç´§è¿«æ€§è¯¾é¢˜ã€‚
                                                  
You may provide a definition with
\DeclareUnicodeCharacter 


! LaTeX Error: Unicode character ç›´ (U+76F4)
               not set up for use with LaTeX.

See the LaTeX manual or LaTeX Companion for explanation.
Type  H <return>  for immediate help.
 ...                                              
                                                  
l.4 ç›´
       æ’­ç”µå•†ä¸»è¦ä»¥è§†é¢‘çš„å½¢å¼ä¸ºè½½ä½“ï¼Œä½†å…·æœ‰åŒºåˆ«äºä¼ ç»Ÿ...

You may provide a definition with
\DeclareUnicodeCharacter 


! LaTeX Error: Unicode character æ’­ (U+64AD)
               not set up for use with LaTeX.

See the LaTeX manual or LaTeX Companion for explanation.
Type  H <return>  for immediate help.
 ...                                              
                                                  
l.4 ç›´æ’­
          ç”µå•†ä¸»è¦ä»¥è§†é¢‘çš„å½¢å¼ä¸ºè½½ä½“ï¼Œä½†å…·æœ‰åŒºåˆ«äºä¼ ç»Ÿ...

You may provide a definition with
\DeclareUnicodeCharacter 


! LaTeX Error: Unicode character ç”µ (U+7535)
               not set up for use with LaTeX.

See the LaTeX manual or LaTeX Companion for explanation.
Type  H <return>  for immediate help.
 ...                                              
                                                  
l.4 ç›´æ’­ç”µ
             å•†ä¸»è¦ä»¥è§†é¢‘çš„å½¢å¼ä¸ºè½½ä½“ï¼Œä½†å…·æœ‰åŒºåˆ«äºä¼ ç»Ÿ...

You may provide a definition with
\DeclareUnicodeCharacter 


! LaTeX Error: Unicode character å•† (U+5546)
               not set up for use with LaTeX.

See the LaTeX manual or LaTeX Companion for explanation.
Type  H <return>  for immediate help.
 ...                                              
                                                  
l.4 ç›´æ’­ç”µå•†
                ä¸»è¦ä»¥è§†é¢‘çš„å½¢å¼ä¸ºè½½ä½“ï¼Œä½†å…·æœ‰åŒºåˆ«äºä¼ ç»Ÿ...

You may provide a definition with
\DeclareUnicodeCharacter 


! LaTeX Error: Unicode character ä¸» (U+4E3B)
               not set up for use with LaTeX.

See the LaTeX manual or LaTeX Companion for explanation.
Type  H <return>  for immediate help.
 ...                                              
                                                  
l.4 ç›´æ’­ç”µå•†ä¸»
                   è¦ä»¥è§†é¢‘çš„å½¢å¼ä¸ºè½½ä½“ï¼Œä½†å…·æœ‰åŒºåˆ«äºä¼ ç»Ÿ...

You may provide a definition with
\DeclareUnicodeCharacter 


! LaTeX Error: Unicode character è¦ (U+8981)
               not set up for use with LaTeX.

See the LaTeX manual or LaTeX Companion for explanation.
Type  H <return>  for immediate help.
 ...                                              
                                                  
l.4 ç›´æ’­ç”µå•†ä¸»è¦
                      ä»¥è§†é¢‘çš„å½¢å¼ä¸ºè½½ä½“ï¼Œä½†å…·æœ‰åŒºåˆ«äºä¼ ç»Ÿ...

You may provide a definition with
\DeclareUnicodeCharacter 


! LaTeX Error: Unicode character ä»¥ (U+4EE5)
               not set up for use with LaTeX.

See the LaTeX manual or LaTeX Companion for explanation.
Type  H <return>  for immediate help.
 ...                                              
                                                  
l.4 ç›´æ’­ç”µå•†ä¸»è¦ä»¥
                         è§†é¢‘çš„å½¢å¼ä¸ºè½½ä½“ï¼Œä½†å…·æœ‰åŒºåˆ«äºä¼ ç»Ÿ...

You may provide a definition with
\DeclareUnicodeCharacter 


! LaTeX Error: Unicode character è§† (U+89C6)
               not set up for use with LaTeX.

See the LaTeX manual or LaTeX Companion for explanation.
Type  H <return>  for immediate help.
 ...                                              
                                                  
l.4 ç›´æ’­ç”µå•†ä¸»è¦ä»¥è§†
                            é¢‘çš„å½¢å¼ä¸ºè½½ä½“ï¼Œä½†å…·æœ‰åŒºåˆ«äºä¼ ç»Ÿ...

You may provide a definition with
\DeclareUnicodeCharacter 


! LaTeX Error: Unicode character é¢‘ (U+9891)
               not set up for use with LaTeX.

See the LaTeX manual or LaTeX Companion for explanation.
Type  H <return>  for immediate help.
 ...                                              
                                                  
l.4 ç›´æ’­ç”µå•†ä¸»è¦ä»¥è§†é¢‘
                               çš„å½¢å¼ä¸ºè½½ä½“ï¼Œä½†å…·æœ‰åŒºåˆ«äºä¼ ç»Ÿ...

You may provide a definition with
\DeclareUnicodeCharacter 


! LaTeX Error: Unicode character çš„ (U+7684)
               not set up for use with LaTeX.

See the LaTeX manual or LaTeX Companion for explanation.
Type  H <return>  for immediate help.
 ...                                              
                                                  
l.4 ç›´æ’­ç”µå•†ä¸»è¦ä»¥è§†é¢‘çš„
                                  å½¢å¼ä¸ºè½½ä½“ï¼Œä½†å…·æœ‰åŒºåˆ«äºä¼ ç»Ÿ...

You may provide a definition with
\DeclareUnicodeCharacter 


! LaTeX Error: Unicode character å½¢ (U+5F62)
               not set up for use with LaTeX.

See the LaTeX manual or LaTeX Companion for explanation.
Type  H <return>  for immediate help.
 ...                                              
                                                  
l.4 ç›´æ’­ç”µå•†ä¸»è¦ä»¥è§†é¢‘çš„å½¢
                                     å¼ä¸ºè½½ä½“ï¼Œä½†å…·æœ‰åŒºåˆ«äºä¼ ç»Ÿ...

You may provide a definition with
\DeclareUnicodeCharacter 


! LaTeX Error: Unicode character å¼ (U+5F0F)
               not set up for use with LaTeX.

See the LaTeX manual or LaTeX Companion for explanation.
Type  H <return>  for immediate help.
 ...                                              
                                                  
l.4 ç›´æ’­ç”µå•†ä¸»è¦ä»¥è§†é¢‘çš„å½¢å¼
                                        ä¸ºè½½ä½“ï¼Œä½†å…·æœ‰åŒºåˆ«äºä¼ ç»Ÿ...

You may provide a definition with
\DeclareUnicodeCharacter 


! LaTeX Error: Unicode character ä¸º (U+4E3A)
               not set up for use with LaTeX.

See the LaTeX manual or LaTeX Companion for explanation.
Type  H <return>  for immediate help.
 ...                                              
                                                  
l.4 ç›´æ’­ç”µå•†ä¸»è¦ä»¥è§†é¢‘çš„å½¢å¼ä¸º
                                           è½½ä½“ï¼Œä½†å…·æœ‰åŒºåˆ«äºä¼ ç»Ÿ...

You may provide a definition with
\DeclareUnicodeCharacter 


! LaTeX Error: Unicode character è½½ (U+8F7D)
               not set up for use with LaTeX.

See the LaTeX manual or LaTeX Companion for explanation.
Type  H <return>  for immediate help.
 ...                                              
                                                  
l.4 ç›´æ’­ç”µå•†ä¸»è¦ä»¥è§†é¢‘çš„å½¢å¼ä¸ºè½½
                                              ä½“ï¼Œä½†å…·æœ‰åŒºåˆ«äºä¼ ç»Ÿ...

You may provide a definition with
\DeclareUnicodeCharacter 


! LaTeX Error: Unicode character ä½“ (U+4F53)
               not set up for use with LaTeX.

See the LaTeX manual or LaTeX Companion for explanation.
Type  H <return>  for immediate help.
 ...                                              
                                                  
l.4 ç›´æ’­ç”µå•†ä¸»è¦ä»¥è§†é¢‘çš„å½¢å¼ä¸ºè½½ä½“
                                                 ï¼Œä½†å…·æœ‰åŒºåˆ«äºä¼ ç»Ÿ...

You may provide a definition with
\DeclareUnicodeCharacter 


! LaTeX Error: Unicode character ï¼Œ (U+FF0C)
               not set up for use with LaTeX.

See the LaTeX manual or LaTeX Companion for explanation.
Type  H <return>  for immediate help.
 ...                                              
                                                  
l.4 ...­ç”µå•†ä¸»è¦ä»¥è§†é¢‘çš„å½¢å¼ä¸ºè½½ä½“ï¼Œ
                                                  ä½†å…·æœ‰åŒºåˆ«äºä¼ ç»Ÿè§...

You may provide a definition with
\DeclareUnicodeCharacter 


! LaTeX Error: Unicode character ä½† (U+4F46)
               not set up for use with LaTeX.

See the LaTeX manual or LaTeX Companion for explanation.
Type  H <return>  for immediate help.
 ...                                              
                                                  
l.4 ...µå•†ä¸»è¦ä»¥è§†é¢‘çš„å½¢å¼ä¸ºè½½ä½“ï¼Œä½†
                                                  å…·æœ‰åŒºåˆ«äºä¼ ç»Ÿè§†é¢...

You may provide a definition with
\DeclareUnicodeCharacter 


! LaTeX Error: Unicode character å…· (U+5177)
               not set up for use with LaTeX.

See the LaTeX manual or LaTeX Companion for explanation.
Type  H <return>  for immediate help.
 ...                                              
                                                  
l.4 ...†ä¸»è¦ä»¥è§†é¢‘çš„å½¢å¼ä¸ºè½½ä½“ï¼Œä½†å…·
                                                  æœ‰åŒºåˆ«äºä¼ ç»Ÿè§†é¢‘çš...

You may provide a definition with
\DeclareUnicodeCharacter 


! LaTeX Error: Unicode character æœ‰ (U+6709)
               not set up for use with LaTeX.

See the LaTeX manual or LaTeX Companion for explanation.
Type  H <return>  for immediate help.
 ...                                              
                                                  
l.4 ...»è¦ä»¥è§†é¢‘çš„å½¢å¼ä¸ºè½½ä½“ï¼Œä½†å…·æœ‰
                                                  åŒºåˆ«äºä¼ ç»Ÿè§†é¢‘çš„ç‰...

You may provide a definition with
\DeclareUnicodeCharacter 


! LaTeX Error: Unicode character åŒº (U+533A)
               not set up for use with LaTeX.

See the LaTeX manual or LaTeX Companion for explanation.
Type  H <return>  for immediate help.
 ...                                              
                                                  
l.4 ...ä»¥è§†é¢‘çš„å½¢å¼ä¸ºè½½ä½“ï¼Œä½†å…·æœ‰åŒº
                                                  åˆ«äºä¼ ç»Ÿè§†é¢‘çš„ç‰¹æ€...

You may provide a definition with
\DeclareUnicodeCharacter 


! LaTeX Error: Unicode character åˆ« (U+522B)
               not set up for use with LaTeX.

See the LaTeX manual or LaTeX Companion for explanation.
Type  H <return>  for immediate help.
 ...                                              
                                                  
l.4 ...¥è§†é¢‘çš„å½¢å¼ä¸ºè½½ä½“ï¼Œä½†å…·æœ‰åŒºåˆ«
                                                  äºä¼ ç»Ÿè§†é¢‘çš„ç‰¹æ€§ã€‚
You may provide a definition with
\DeclareUnicodeCharacter 


! LaTeX Error: Unicode character äº (U+4E8E)
               not set up for use with LaTeX.

See the LaTeX manual or LaTeX Companion for explanation.
Type  H <return>  for immediate help.
 ...                                              
                                                  
l.4 ...†é¢‘çš„å½¢å¼ä¸ºè½½ä½“ï¼Œä½†å…·æœ‰åŒºåˆ«äº
                                                  ä¼ ç»Ÿè§†é¢‘çš„ç‰¹æ€§ã€‚
You may provide a definition with
\DeclareUnicodeCharacter 


! LaTeX Error: Unicode character ä¼  (U+4F20)
               not set up for use with LaTeX.

See the LaTeX manual or LaTeX Companion for explanation.
Type  H <return>  for immediate help.
 ...                                              
                                                  
l.4 ...‘çš„å½¢å¼ä¸ºè½½ä½“ï¼Œä½†å…·æœ‰åŒºåˆ«äºä¼ 
                                                  ç»Ÿè§†é¢‘çš„ç‰¹æ€§ã€‚
You may provide a definition with
\DeclareUnicodeCharacter 


! LaTeX Error: Unicode character ç»Ÿ (U+7EDF)
               not set up for use with LaTeX.

See the LaTeX manual or LaTeX Companion for explanation.
Type  H <return>  for immediate help.
 ...                                              
                                                  
l.4 ...„å½¢å¼ä¸ºè½½ä½“ï¼Œä½†å…·æœ‰åŒºåˆ«äºä¼ ç»Ÿ
                                                  è§†é¢‘çš„ç‰¹æ€§ã€‚
You may provide a definition with
\DeclareUnicodeCharacter 


! LaTeX Error: Unicode character è§† (U+89C6)
               not set up for use with LaTeX.

See the LaTeX manual or LaTeX Companion for explanation.
Type  H <return>  for immediate help.
 ...                                              
                                                  
l.4 ...¢å¼ä¸ºè½½ä½“ï¼Œä½†å…·æœ‰åŒºåˆ«äºä¼ ç»Ÿè§†
                                                  é¢‘çš„ç‰¹æ€§ã€‚
You may provide a definition with
\DeclareUnicodeCharacter 


! LaTeX Error: Unicode character é¢‘ (U+9891)
               not set up for use with LaTeX.

See the LaTeX manual or LaTeX Companion for explanation.
Type  H <return>  for immediate help.
 ...                                              
                                                  
l.4 ...ä¸ºè½½ä½“ï¼Œä½†å…·æœ‰åŒºåˆ«äºä¼ ç»Ÿè§†é¢‘
                                                  çš„ç‰¹æ€§ã€‚
You may provide a definition with
\DeclareUnicodeCharacter 


! LaTeX Error: Unicode character çš„ (U+7684)
               not set up for use with LaTeX.

See the LaTeX manual or LaTeX Companion for explanation.
Type  H <return>  for immediate help.
 ...                                              
                                                  
l.4 ...ºè½½ä½“ï¼Œä½†å…·æœ‰åŒºåˆ«äºä¼ ç»Ÿè§†é¢‘çš„
                                                  ç‰¹æ€§ã€‚
You may provide a definition with
\DeclareUnicodeCharacter 


! LaTeX Error: Unicode character ç‰¹ (U+7279)
               not set up for use with LaTeX.

See the LaTeX manual or LaTeX Companion for explanation.
Type  H <return>  for immediate help.
 ...                                              
                                                  
l.4 ...½ä½“ï¼Œä½†å…·æœ‰åŒºåˆ«äºä¼ ç»Ÿè§†é¢‘çš„ç‰¹
                                                  æ€§ã€‚
You may provide a definition with
\DeclareUnicodeCharacter 


! LaTeX Error: Unicode character æ€§ (U+6027)
               not set up for use with LaTeX.

See the LaTeX manual or LaTeX Companion for explanation.
Type  H <return>  for immediate help.
 ...                                              
                                                  
l.4 ...“ï¼Œä½†å…·æœ‰åŒºåˆ«äºä¼ ç»Ÿè§†é¢‘çš„ç‰¹æ€§
                                                  ã€‚
You may provide a definition with
\DeclareUnicodeCharacter 


! LaTeX Error: Unicode character ã€‚ (U+3002)
               not set up for use with LaTeX.

See the LaTeX manual or LaTeX Companion for explanation.
Type  H <return>  for immediate help.
 ...                                              
                                                  
l.4 ...Œä½†å…·æœ‰åŒºåˆ«äºä¼ ç»Ÿè§†é¢‘çš„ç‰¹æ€§ã€‚
                                                  
You may provide a definition with
\DeclareUnicodeCharacter 


! LaTeX Error: Unicode character è™½ (U+867D)
               not set up for use with LaTeX.

See the LaTeX manual or LaTeX Companion for explanation.
Type  H <return>  for immediate help.
 ...                                              
                                                  
l.5 è™½
       ç„¶ç›®å‰å¯¹è§†é¢‘ç ”ç©¶çš„æ•°æ®é›†ä¸å°‘ï¼Œä½†é²œæœ‰ç›´æ’­ç”µå•†çš„...

You may provide a definition with
\DeclareUnicodeCharacter 


! LaTeX Error: Unicode character ç„¶ (U+7136)
               not set up for use with LaTeX.

See the LaTeX manual or LaTeX Companion for explanation.
Type  H <return>  for immediate help.
 ...                                              
                                                  
l.5 è™½ç„¶
          ç›®å‰å¯¹è§†é¢‘ç ”ç©¶çš„æ•°æ®é›†ä¸å°‘ï¼Œä½†é²œæœ‰ç›´æ’­ç”µå•†çš„...

You may provide a definition with
\DeclareUnicodeCharacter 


! LaTeX Error: Unicode character ç›® (U+76EE)
               not set up for use with LaTeX.

See the LaTeX manual or LaTeX Companion for explanation.
Type  H <return>  for immediate help.
 ...                                              
                                                  
l.5 è™½ç„¶ç›®
             å‰å¯¹è§†é¢‘ç ”ç©¶çš„æ•°æ®é›†ä¸å°‘ï¼Œä½†é²œæœ‰ç›´æ’­ç”µå•†çš„...

You may provide a definition with
\DeclareUnicodeCharacter 


! LaTeX Error: Unicode character å‰ (U+524D)
               not set up for use with LaTeX.

See the LaTeX manual or LaTeX Companion for explanation.
Type  H <return>  for immediate help.
 ...                                              
                                                  
l.5 è™½ç„¶ç›®å‰
                å¯¹è§†é¢‘ç ”ç©¶çš„æ•°æ®é›†ä¸å°‘ï¼Œä½†é²œæœ‰ç›´æ’­ç”µå•†çš„...

You may provide a definition with
\DeclareUnicodeCharacter 


! LaTeX Error: Unicode character å¯¹ (U+5BF9)
               not set up for use with LaTeX.

See the LaTeX manual or LaTeX Companion for explanation.
Type  H <return>  for immediate help.
 ...                                              
                                                  
l.5 è™½ç„¶ç›®å‰å¯¹
                   è§†é¢‘ç ”ç©¶çš„æ•°æ®é›†ä¸å°‘ï¼Œä½†é²œæœ‰ç›´æ’­ç”µå•†çš„...

You may provide a definition with
\DeclareUnicodeCharacter 


! LaTeX Error: Unicode character è§† (U+89C6)
               not set up for use with LaTeX.

See the LaTeX manual or LaTeX Companion for explanation.
Type  H <return>  for immediate help.
 ...                                              
                                                  
l.5 è™½ç„¶ç›®å‰å¯¹è§†
                      é¢‘ç ”ç©¶çš„æ•°æ®é›†ä¸å°‘ï¼Œä½†é²œæœ‰ç›´æ’­ç”µå•†çš„...

You may provide a definition with
\DeclareUnicodeCharacter 


! LaTeX Error: Unicode character é¢‘ (U+9891)
               not set up for use with LaTeX.

See the LaTeX manual or LaTeX Companion for explanation.
Type  H <return>  for immediate help.
 ...                                              
                                                  
l.5 è™½ç„¶ç›®å‰å¯¹è§†é¢‘
                         ç ”ç©¶çš„æ•°æ®é›†ä¸å°‘ï¼Œä½†é²œæœ‰ç›´æ’­ç”µå•†çš„...

You may provide a definition with
\DeclareUnicodeCharacter 


! LaTeX Error: Unicode character ç ” (U+7814)
               not set up for use with LaTeX.

See the LaTeX manual or LaTeX Companion for explanation.
Type  H <return>  for immediate help.
 ...                                              
                                                  
l.5 è™½ç„¶ç›®å‰å¯¹è§†é¢‘ç ”
                            ç©¶çš„æ•°æ®é›†ä¸å°‘ï¼Œä½†é²œæœ‰ç›´æ’­ç”µå•†çš„...

You may provide a definition with
\DeclareUnicodeCharacter 


! LaTeX Error: Unicode character ç©¶ (U+7A76)
               not set up for use with LaTeX.

See the LaTeX manual or LaTeX Companion for explanation.
Type  H <return>  for immediate help.
 ...                                              
                                                  
l.5 è™½ç„¶ç›®å‰å¯¹è§†é¢‘ç ”ç©¶
                               çš„æ•°æ®é›†ä¸å°‘ï¼Œä½†é²œæœ‰ç›´æ’­ç”µå•†çš„...

You may provide a definition with
\DeclareUnicodeCharacter 


! LaTeX Error: Unicode character çš„ (U+7684)
               not set up for use with LaTeX.

See the LaTeX manual or LaTeX Companion for explanation.
Type  H <return>  for immediate help.
 ...                                              
                                                  
l.5 è™½ç„¶ç›®å‰å¯¹è§†é¢‘ç ”ç©¶çš„
                                  æ•°æ®é›†ä¸å°‘ï¼Œä½†é²œæœ‰ç›´æ’­ç”µå•†çš„...

You may provide a definition with
\DeclareUnicodeCharacter 


! LaTeX Error: Unicode character æ•° (U+6570)
               not set up for use with LaTeX.

See the LaTeX manual or LaTeX Companion for explanation.
Type  H <return>  for immediate help.
 ...                                              
                                                  
l.5 è™½ç„¶ç›®å‰å¯¹è§†é¢‘ç ”ç©¶çš„æ•°
                                     æ®é›†ä¸å°‘ï¼Œä½†é²œæœ‰ç›´æ’­ç”µå•†çš„...

You may provide a definition with
\DeclareUnicodeCharacter 


! LaTeX Error: Unicode character æ® (U+636E)
               not set up for use with LaTeX.

See the LaTeX manual or LaTeX Companion for explanation.
Type  H <return>  for immediate help.
 ...                                              
                                                  
l.5 è™½ç„¶ç›®å‰å¯¹è§†é¢‘ç ”ç©¶çš„æ•°æ®
                                        é›†ä¸å°‘ï¼Œä½†é²œæœ‰ç›´æ’­ç”µå•†çš„...

You may provide a definition with
\DeclareUnicodeCharacter 


! LaTeX Error: Unicode character é›† (U+96C6)
               not set up for use with LaTeX.

See the LaTeX manual or LaTeX Companion for explanation.
Type  H <return>  for immediate help.
 ...                                              
                                                  
l.5 è™½ç„¶ç›®å‰å¯¹è§†é¢‘ç ”ç©¶çš„æ•°æ®é›†
                                           ä¸å°‘ï¼Œä½†é²œæœ‰ç›´æ’­ç”µå•†çš„...

You may provide a definition with
\DeclareUnicodeCharacter 


! LaTeX Error: Unicode character ä¸ (U+4E0D)
               not set up for use with LaTeX.

See the LaTeX manual or LaTeX Companion for explanation.
Type  H <return>  for immediate help.
 ...                                              
                                                  
l.5 è™½ç„¶ç›®å‰å¯¹è§†é¢‘ç ”ç©¶çš„æ•°æ®é›†ä¸
                                              å°‘ï¼Œä½†é²œæœ‰ç›´æ’­ç”µå•†çš„...

You may provide a definition with
\DeclareUnicodeCharacter 


! LaTeX Error: Unicode character å°‘ (U+5C11)
               not set up for use with LaTeX.

See the LaTeX manual or LaTeX Companion for explanation.
Type  H <return>  for immediate help.
 ...                                              
                                                  
l.5 è™½ç„¶ç›®å‰å¯¹è§†é¢‘ç ”ç©¶çš„æ•°æ®é›†ä¸å°‘
                                                 ï¼Œä½†é²œæœ‰ç›´æ’­ç”µå•†çš„...

You may provide a definition with
\DeclareUnicodeCharacter 


! LaTeX Error: Unicode character ï¼Œ (U+FF0C)
               not set up for use with LaTeX.

See the LaTeX manual or LaTeX Companion for explanation.
Type  H <return>  for immediate help.
 ...                                              
                                                  
l.5 ...¶ç›®å‰å¯¹è§†é¢‘ç ”ç©¶çš„æ•°æ®é›†ä¸å°‘ï¼Œ
                                                  ä½†é²œæœ‰ç›´æ’­ç”µå•†çš„è§...

You may provide a definition with
\DeclareUnicodeCharacter 


! LaTeX Error: Unicode character ä½† (U+4F46)
               not set up for use with LaTeX.

See the LaTeX manual or LaTeX Companion for explanation.
Type  H <return>  for immediate help.
 ...                                              
                                                  
l.5 ...®å‰å¯¹è§†é¢‘ç ”ç©¶çš„æ•°æ®é›†ä¸å°‘ï¼Œä½†
                                                  é²œæœ‰ç›´æ’­ç”µå•†çš„è§†é¢...

You may provide a definition with
\DeclareUnicodeCharacter 


! LaTeX Error: Unicode character é²œ (U+9C9C)
               not set up for use with LaTeX.

See the LaTeX manual or LaTeX Companion for explanation.
Type  H <return>  for immediate help.
 ...                                              
                                                  
l.5 ...å¯¹è§†é¢‘ç ”ç©¶çš„æ•°æ®é›†ä¸å°‘ï¼Œä½†é²œ
                                                  æœ‰ç›´æ’­ç”µå•†çš„è§†é¢‘æ•...
(That makes 100 errors; please try again.) 
Here is how much of TeX's memory you used:
 97 strings out of 478614
 1089 string characters out of 2852934
 289549 words of memory out of 3000000
 18350 multiletter control sequences out of 15000+600000
 469259 words of font info for 28 fonts, out of 8000000 for 9000
 1141 hyphenation exceptions out of 8191
 13i,0n,12p,203b,35s stack positions out of 10000i,1000n,20000p,200000b,80000s

!  ==> Fatal error occurred, no output PDF file produced!
